+ directory-metadata
+ whoami
saulius
+ hostname -f
tasmanijos-velnias
+ pwd
/home/saulius/src/cif-ontology-work/git-repositories/saulius/domain-crystallography/analysis/by-hand
+ set +x
+ git remote -v
origin	git@github.com:sauliusg/domain-crystallography.git (fetch)
origin	git@github.com:sauliusg/domain-crystallography.git (push)
+ git branch -v
* concepts-based-on-CIF-core b756fd2 Copying the 'crystallography-concepts.rst' from the repo git@github.com:sauliusg/CIF-ontology.git (branch cif-data, commit 5c3b660) where the concept descriptions were started.
  master                     9b60f88 Added DOI badge (#19)
+ git status
On branch concepts-based-on-CIF-core
Your branch is up to date with 'origin/concepts-based-on-CIF-core'.

Changes not staged for commit:
  (use "git add <file>..." to update what will be committed)
  (use "git restore <file>..." to discard changes in working directory)
	modified:   cif_core_categories.lst.log

no changes added to commit (use "git add" and/or "git commit -a")
+ df -h .
Filesystem                  Size  Used Avail Use% Mounted on
/dev/mapper/linux--vg-home  3,5T  3,0T  393G  89% /home
+ type osname
osname is /home/saulius/scripts/osname
+ osname
Linuxmint-20.1
+ uname -a
Linux tasmanijos-velnias 5.4.0-164-generic #181-Ubuntu SMP Fri Sep 1 13:41:22 UTC 2023 x86_64 x86_64 x86_64 GNU/Linux
+ date
2023-10-26T09:00:15 EEST
+ cd /home/saulius/struct/IUCr/COMCIFS/cif_core/
+ directory-metadata
+ whoami
saulius
+ hostname -f
tasmanijos-velnias
+ pwd
/home/saulius/struct/IUCr/COMCIFS/cif_core
+ set +x
+ git remote -v
origin	https://github.com/COMCIFS/cif_core.git (fetch)
origin	https://github.com/COMCIFS/cif_core.git (push)
+ git branch -v
* master ee92c28 Remove description of looping behaviour from Set category description (#464)
+ git status
On branch master
Your branch is up to date with 'origin/master'.

nothing to commit, working tree clean
+ df -h .
Filesystem                  Size  Used Avail Use% Mounted on
/dev/mapper/linux--vg-home  3,5T  3,0T  393G  89% /home
+ type osname
osname is /home/saulius/scripts/osname
+ osname
Linuxmint-20.1
+ uname -a
Linux tasmanijos-velnias 5.4.0-164-generic #181-Ubuntu SMP Fri Sep 1 13:41:22 UTC 2023 x86_64 x86_64 x86_64 GNU/Linux
+ date
2023-10-26T09:00:15 EEST
+ grep -F _name.category_id /home/saulius/struct/IUCr/COMCIFS/cif_core/cif_core.dic
+ sort
+ uniq -c
+ sort -nr -k1,1
+ awk '{print tolower($2)}'
